<?xml version="1.0" encoding="UTF-8"?>
<testsuite name="stringDrinkTest" tests="1" skipped="0" failures="0" errors="0" timestamp="2021-11-30T15:48:59" hostname="LAPTOP-6VKFTI9L" time="0.0">
  <properties/>
  <testcase name="stringDrink()" classname="stringDrinkTest" time="0.0"/>
  <system-out><![CDATA[]]></system-out>
  <system-err><![CDATA[]]></system-err>
</testsuite>
