<?xml version="1.0" encoding="UTF-8"?>
<testsuite name="StringCaseChangerTest" tests="1" skipped="0" failures="0" errors="0" timestamp="2021-11-30T15:48:59" hostname="LAPTOP-6VKFTI9L" time="0.018">
  <properties/>
  <testcase name="stringCaseChanger()" classname="StringCaseChangerTest" time="0.018"/>
  <system-out><![CDATA[]]></system-out>
  <system-err><![CDATA[]]></system-err>
</testsuite>
